C:\USERS\YHH\DOCUMENTS\VISUAL STUDIO 2010\PROJECTS\SRCTRLTERMINAL\RELEASE\SRCTRLTERMINAL.EXE
C:\USERS\YHH\DOCUMENTS\VISUAL STUDIO 2010\PROJECTS\SRCTRLTERMINAL\RELEASE\SRCTRLTERMINAL.PDB
C:\USERS\YHH\DOCUMENTS\VISUAL STUDIO 2010\PROJECTS\SRCTRLTERMINAL\SRCTRLTERMINAL\RELEASE\CAMERADS.OBJ
C:\Users\yhh\Documents\Visual Studio 2010\Projects\SRCtrlTerminal\SRCtrlTerminal\Release\cl.command.1.tlog
C:\Users\yhh\Documents\Visual Studio 2010\Projects\SRCtrlTerminal\SRCtrlTerminal\Release\CL.read.1.tlog
C:\Users\yhh\Documents\Visual Studio 2010\Projects\SRCtrlTerminal\SRCtrlTerminal\Release\CL.write.1.tlog
C:\Users\yhh\Documents\Visual Studio 2010\Projects\SRCtrlTerminal\SRCtrlTerminal\Release\link.command.1.tlog
C:\Users\yhh\Documents\Visual Studio 2010\Projects\SRCtrlTerminal\SRCtrlTerminal\Release\link.read.1.tlog
C:\Users\yhh\Documents\Visual Studio 2010\Projects\SRCtrlTerminal\SRCtrlTerminal\Release\link.write.1.tlog
C:\Users\yhh\Documents\Visual Studio 2010\Projects\SRCtrlTerminal\SRCtrlTerminal\Release\link-cvtres.read.1.tlog
C:\Users\yhh\Documents\Visual Studio 2010\Projects\SRCtrlTerminal\SRCtrlTerminal\Release\link-cvtres.write.1.tlog
C:\USERS\YHH\DOCUMENTS\VISUAL STUDIO 2010\PROJECTS\SRCTRLTERMINAL\SRCTRLTERMINAL\RELEASE\MSCOMM1.OBJ
C:\Users\yhh\Documents\Visual Studio 2010\Projects\SRCtrlTerminal\SRCtrlTerminal\Release\mt.command.1.tlog
C:\Users\yhh\Documents\Visual Studio 2010\Projects\SRCtrlTerminal\SRCtrlTerminal\Release\mt.read.1.tlog
C:\Users\yhh\Documents\Visual Studio 2010\Projects\SRCtrlTerminal\SRCtrlTerminal\Release\mt.write.1.tlog
C:\Users\yhh\Documents\Visual Studio 2010\Projects\SRCtrlTerminal\SRCtrlTerminal\Release\rc.command.1.tlog
C:\Users\yhh\Documents\Visual Studio 2010\Projects\SRCtrlTerminal\SRCtrlTerminal\Release\rc.read.1.tlog
C:\Users\yhh\Documents\Visual Studio 2010\Projects\SRCtrlTerminal\SRCtrlTerminal\Release\rc.write.1.tlog
C:\USERS\YHH\DOCUMENTS\VISUAL STUDIO 2010\PROJECTS\SRCTRLTERMINAL\SRCTRLTERMINAL\RELEASE\SRCTRLTERMINAL.EXE.INTERMEDIATE.MANIFEST
C:\USERS\YHH\DOCUMENTS\VISUAL STUDIO 2010\PROJECTS\SRCTRLTERMINAL\SRCTRLTERMINAL\RELEASE\SRCTRLTERMINAL.OBJ
C:\USERS\YHH\DOCUMENTS\VISUAL STUDIO 2010\PROJECTS\SRCTRLTERMINAL\SRCTRLTERMINAL\RELEASE\SRCTRLTERMINAL.PCH
C:\USERS\YHH\DOCUMENTS\VISUAL STUDIO 2010\PROJECTS\SRCTRLTERMINAL\SRCTRLTERMINAL\RELEASE\SRCTRLTERMINAL.RES
C:\USERS\YHH\DOCUMENTS\VISUAL STUDIO 2010\PROJECTS\SRCTRLTERMINAL\SRCTRLTERMINAL\RELEASE\SRCTRLTERMINALDLG.OBJ
C:\USERS\YHH\DOCUMENTS\VISUAL STUDIO 2010\PROJECTS\SRCTRLTERMINAL\SRCTRLTERMINAL\RELEASE\STDAFX.OBJ
C:\USERS\YHH\DOCUMENTS\VISUAL STUDIO 2010\PROJECTS\SRCTRLTERMINAL\SRCTRLTERMINAL\RELEASE\VC100.PDB
