生成启动时间为 2017/5/17 22:43:33。
     1>项目“C:\mygit\SRCtrlTerminal\17yyhbiyesheji\SRCtrlTerminal\SRCtrlTerminal.vcxproj”在节点 2 上(build 个目标)。
     1>InitializeBuildStatus:
         正在创建“Release\SRCtrlTerminal.unsuccessfulbuild”，因为已指定“AlwaysCreate”。
       ClCompile:
         C:\Program Files (x86)\Microsoft Visual Studio 10.0\VC\bin\CL.exe /c /Zi /nologo /W3 /WX- /O2 /Oi /Oy- /GL /D WIN32 /D _WINDOWS /D NDEBUG /D _UNICODE /D UNICODE /D _AFXDLL /Gm- /EHsc /MD /GS /Gy /fp:precise /Zc:wchar_t /Zc:forScope /Yc"StdAfx.h" /Fp"Release\SRCtrlTerminal.pch" /Fo"Release\\" /Fd"Release\vc100.pdb" /Gd /TP /analyze- /errorReport:prompt stdafx.cpp
         stdafx.cpp
         C:\Program Files (x86)\Microsoft Visual Studio 10.0\VC\bin\CL.exe /c /Zi /nologo /W3 /WX- /O2 /Oi /Oy- /GL /D WIN32 /D _WINDOWS /D NDEBUG /D _UNICODE /D UNICODE /D _AFXDLL /Gm- /EHsc /MD /GS /Gy /fp:precise /Zc:wchar_t /Zc:forScope /Yu"StdAfx.h" /Fp"Release\SRCtrlTerminal.pch" /Fo"Release\\" /Fd"Release\vc100.pdb" /Gd /TP /analyze- /errorReport:prompt CameraDS.cpp mscomm1.cpp SRCtrlTerminal.cpp SRCtrlTerminalDlg.cpp
         CameraDS.cpp
     1>C:\Program Files (x86)\Microsoft Visual Studio 10.0\VC\include\cstdio(48): warning C4995: “gets”: 名称被标记为 #pragma deprecated
     1>C:\Program Files (x86)\Microsoft Visual Studio 10.0\VC\include\cstdio(52): warning C4995: “sprintf”: 名称被标记为 #pragma deprecated
     1>C:\Program Files (x86)\Microsoft Visual Studio 10.0\VC\include\cstdio(55): warning C4995: “vsprintf”: 名称被标记为 #pragma deprecated
     1>C:\Program Files (x86)\Microsoft Visual Studio 10.0\VC\include\cstring(21): warning C4995: “strcat”: 名称被标记为 #pragma deprecated
     1>C:\Program Files (x86)\Microsoft Visual Studio 10.0\VC\include\cstring(22): warning C4995: “strcpy”: 名称被标记为 #pragma deprecated
     1>C:\Program Files (x86)\Microsoft Visual Studio 10.0\VC\include\cwchar(30): warning C4995: “swprintf”: 名称被标记为 #pragma deprecated
     1>C:\Program Files (x86)\Microsoft Visual Studio 10.0\VC\include\cwchar(31): warning C4995: “vswprintf”: 名称被标记为 #pragma deprecated
     1>C:\Program Files (x86)\Microsoft Visual Studio 10.0\VC\include\cwchar(33): warning C4995: “wcscat”: 名称被标记为 #pragma deprecated
     1>C:\Program Files (x86)\Microsoft Visual Studio 10.0\VC\include\cwchar(35): warning C4995: “wcscpy”: 名称被标记为 #pragma deprecated
     1>C:\Program Files (x86)\Microsoft Visual Studio 10.0\VC\include\intrin.h(1092): warning C4995: “wcscat”: 名称被标记为 #pragma deprecated
     1>C:\Program Files (x86)\Microsoft Visual Studio 10.0\VC\include\intrin.h(1094): warning C4995: “wcscpy”: 名称被标记为 #pragma deprecated
     1>C:\Program Files (x86)\Microsoft Visual Studio 10.0\VC\include\string(757): warning C4995: “swprintf”: 名称被标记为 #pragma deprecated
     1>C:\Program Files (x86)\Microsoft Visual Studio 10.0\VC\include\string(766): warning C4995: “swprintf”: 名称被标记为 #pragma deprecated
     1>C:\Program Files (x86)\Microsoft Visual Studio 10.0\VC\include\string(775): warning C4995: “swprintf”: 名称被标记为 #pragma deprecated
         mscomm1.cpp
         SRCtrlTerminal.cpp
         SRCtrlTerminalDlg.cpp
       ResourceCompile:
         C:\Program Files (x86)\Microsoft SDKs\Windows\v7.0A\bin\rc.exe /D NDEBUG /D _UNICODE /D UNICODE /D _AFXDLL /l"0x0804" /IRelease\ /nologo /fo"Release\SRCtrlTerminal.res" SRCtrlTerminal.rc 
       Link:
         C:\Program Files (x86)\Microsoft Visual Studio 10.0\VC\bin\link.exe /ERRORREPORT:PROMPT /OUT:"C:\mygit\SRCtrlTerminal\17yyhbiyesheji\Release\SRCtrlTerminal.exe" /INCREMENTAL:NO /NOLOGO opencv_objdetect249.lib opencv_ts249.lib opencv_video249.lib opencv_nonfree249.lib opencv_ocl249.lib opencv_photo249.lib opencv_stitching249.lib opencv_superres249.lib opencv_videostab249.lib opencv_calib3d249.lib opencv_contrib249.lib opencv_core249.lib opencv_features2d249.lib opencv_flann249.lib opencv_gpu249.lib opencv_highgui249.lib opencv_imgproc249.lib opencv_legacy249.lib opencv_ml249.lib opencv_ml249d.lib opencv_calib3d249d.lib opencv_contrib249d.lib opencv_core249d.lib opencv_features2d249d.lib opencv_flann249d.lib opencv_gpu249d.lib opencv_highgui249d.lib opencv_imgproc249d.lib opencv_objdetect249.lib opencv_ts249.lib opencv_video249.lib opencv_nonfree249.lib opencv_ocl249.lib opencv_photo249.lib opencv_stitching249.lib opencv_superres249.lib opencv_videostab249.lib opencv_calib3d249.lib opencv_contrib249.lib opencv_core249.lib opencv_features2d249.lib opencv_flann249.lib opencv_gpu249.lib opencv_highgui249.lib opencv_imgproc249.lib opencv_legacy249.lib opencv_ml249.lib /MANIFEST /ManifestFile:"Release\SRCtrlTerminal.exe.intermediate.manifest" /MANIFESTUAC:"level='asInvoker' uiAccess='false'" /DEBUG /PDB:"C:\mygit\SRCtrlTerminal\17yyhbiyesheji\Release\SRCtrlTerminal.pdb" /SUBSYSTEM:WINDOWS /OPT:REF /OPT:ICF /LTCG /TLBID:1 /ENTRY:"wWinMainCRTStartup" /DYNAMICBASE /NXCOMPAT /IMPLIB:"C:\mygit\SRCtrlTerminal\17yyhbiyesheji\Release\SRCtrlTerminal.lib" /MACHINE:X86 Release\SRCtrlTerminal.res
         Release\CameraDS.obj
         Release\mscomm1.obj
         Release\SRCtrlTerminal.obj
         Release\SRCtrlTerminalDlg.obj
         Release\stdafx.obj
         正在生成代码
         已完成代码的生成
         SRCtrlTerminal.vcxproj -> C:\mygit\SRCtrlTerminal\17yyhbiyesheji\Release\SRCtrlTerminal.exe
       Manifest:
         C:\Program Files (x86)\Microsoft SDKs\Windows\v7.0A\bin\mt.exe /nologo /verbose /outputresource:"C:\mygit\SRCtrlTerminal\17yyhbiyesheji\Release\SRCtrlTerminal.exe;#1" /manifest Release\SRCtrlTerminal.exe.intermediate.manifest "C:\Program Files (x86)\Microsoft Visual Studio 10.0\VC\Include\Manifest\dpiaware.manifest"
       FinalizeBuildStatus:
         正在删除文件“Release\SRCtrlTerminal.unsuccessfulbuild”。
         正在对“Release\SRCtrlTerminal.lastbuildstate”执行 Touch 任务。
     1>已完成生成项目“C:\mygit\SRCtrlTerminal\17yyhbiyesheji\SRCtrlTerminal\SRCtrlTerminal.vcxproj”(build 个目标)的操作。

生成成功。

已用时间 00:00:10.58
