生成启动时间为 2017/4/20 23:33:20。
     1>项目“C:\Users\yhh\Documents\Visual Studio 2010\Projects\SRCtrlTerminal\SRCtrlTerminal\SRCtrlTerminal.vcxproj”在节点 2 上(rebuild 个目标)。
     1>_PrepareForClean:
         正在删除文件“Debug\SRCtrlTerminal.lastbuildstate”。
       InitializeBuildStatus:
         正在创建“Debug\SRCtrlTerminal.unsuccessfulbuild”，因为已指定“AlwaysCreate”。
       ClCompile:
         C:\Program Files (x86)\Microsoft Visual Studio 10.0\VC\bin\CL.exe /c /ZI /nologo /W3 /WX- /Od /Oy- /D WIN32 /D _WINDOWS /D _DEBUG /D _UNICODE /D UNICODE /D _AFXDLL /Gm /EHsc /RTC1 /MDd /GS /fp:precise /Zc:wchar_t /Zc:forScope /Yc"StdAfx.h" /Fp"Debug\SRCtrlTerminal.pch" /Fo"Debug\\" /Fd"Debug\vc100.pdb" /Gd /TP /analyze- /errorReport:prompt stdafx.cpp
         stdafx.cpp
         C:\Program Files (x86)\Microsoft Visual Studio 10.0\VC\bin\CL.exe /c /ZI /nologo /W3 /WX- /Od /Oy- /D WIN32 /D _WINDOWS /D _DEBUG /D _UNICODE /D UNICODE /D _AFXDLL /Gm /EHsc /RTC1 /MDd /GS /fp:precise /Zc:wchar_t /Zc:forScope /Yu"StdAfx.h" /Fp"Debug\SRCtrlTerminal.pch" /Fo"Debug\\" /Fd"Debug\vc100.pdb" /Gd /TP /analyze- /errorReport:prompt CameraDS.cpp mscomm1.cpp SRCtrlTerminal.cpp SRCtrlTerminalDlg.cpp
         SRCtrlTerminalDlg.cpp
         SRCtrlTerminal.cpp
         mscomm1.cpp
         CameraDS.cpp
     1>c:\program files (x86)\microsoft visual studio 10.0\vc\include\cstdio(48): warning C4995: “gets”: 名称被标记为 #pragma deprecated
     1>c:\program files (x86)\microsoft visual studio 10.0\vc\include\cstdio(52): warning C4995: “sprintf”: 名称被标记为 #pragma deprecated
     1>c:\program files (x86)\microsoft visual studio 10.0\vc\include\cstdio(55): warning C4995: “vsprintf”: 名称被标记为 #pragma deprecated
     1>c:\program files (x86)\microsoft visual studio 10.0\vc\include\cstring(21): warning C4995: “strcat”: 名称被标记为 #pragma deprecated
     1>c:\program files (x86)\microsoft visual studio 10.0\vc\include\cstring(22): warning C4995: “strcpy”: 名称被标记为 #pragma deprecated
     1>c:\program files (x86)\microsoft visual studio 10.0\vc\include\cwchar(30): warning C4995: “swprintf”: 名称被标记为 #pragma deprecated
     1>c:\program files (x86)\microsoft visual studio 10.0\vc\include\cwchar(31): warning C4995: “vswprintf”: 名称被标记为 #pragma deprecated
     1>c:\program files (x86)\microsoft visual studio 10.0\vc\include\cwchar(33): warning C4995: “wcscat”: 名称被标记为 #pragma deprecated
     1>c:\program files (x86)\microsoft visual studio 10.0\vc\include\cwchar(35): warning C4995: “wcscpy”: 名称被标记为 #pragma deprecated
     1>c:\program files (x86)\microsoft visual studio 10.0\vc\include\intrin.h(1092): warning C4995: “wcscat”: 名称被标记为 #pragma deprecated
     1>c:\program files (x86)\microsoft visual studio 10.0\vc\include\intrin.h(1094): warning C4995: “wcscpy”: 名称被标记为 #pragma deprecated
     1>c:\program files (x86)\microsoft visual studio 10.0\vc\include\string(757): warning C4995: “swprintf”: 名称被标记为 #pragma deprecated
     1>c:\program files (x86)\microsoft visual studio 10.0\vc\include\string(766): warning C4995: “swprintf”: 名称被标记为 #pragma deprecated
     1>c:\program files (x86)\microsoft visual studio 10.0\vc\include\string(775): warning C4995: “swprintf”: 名称被标记为 #pragma deprecated
         正在生成代码...
       ResourceCompile:
         C:\Program Files (x86)\Microsoft SDKs\Windows\v7.0A\bin\rc.exe /D _DEBUG /D _UNICODE /D UNICODE /D _AFXDLL /l"0x0804" /IDebug\ /nologo /fo"Debug\SRCtrlTerminal.res" SRCtrlTerminal.rc 
       ManifestResourceCompile:
         C:\Program Files (x86)\Microsoft SDKs\Windows\v7.0A\bin\rc.exe /nologo /fo"Debug\SRCtrlTerminal.exe.embed.manifest.res" Debug\SRCtrlTerminal_manifest.rc 
       Link:
         C:\Program Files (x86)\Microsoft Visual Studio 10.0\VC\bin\link.exe /ERRORREPORT:PROMPT /OUT:"C:\Users\yhh\Documents\Visual Studio 2010\Projects\SRCtrlTerminal\Debug\SRCtrlTerminal.exe" /INCREMENTAL /NOLOGO opencv_ml249d.lib opencv_calib3d249d.lib opencv_contrib249d.lib opencv_core249d.lib opencv_features2d249d.lib opencv_flann249d.lib opencv_gpu249d.lib opencv_highgui249d.lib opencv_imgproc249d.lib opencv_objdetect249.lib opencv_ts249.lib opencv_video249.lib opencv_nonfree249.lib opencv_ocl249.lib opencv_photo249.lib opencv_stitching249.lib opencv_superres249.lib opencv_videostab249.lib opencv_calib3d249.lib opencv_contrib249.lib opencv_core249.lib opencv_features2d249.lib opencv_flann249.lib opencv_gpu249.lib opencv_highgui249.lib opencv_imgproc249.lib opencv_legacy249.lib opencv_ml249.lib /MANIFEST /ManifestFile:"Debug\SRCtrlTerminal.exe.intermediate.manifest" /MANIFESTUAC:"level='asInvoker' uiAccess='false'" /DEBUG /PDB:"C:\Users\yhh\Documents\Visual Studio 2010\Projects\SRCtrlTerminal\Debug\SRCtrlTerminal.pdb" /SUBSYSTEM:WINDOWS /TLBID:1 /ENTRY:"wWinMainCRTStartup" /DYNAMICBASE /NXCOMPAT /IMPLIB:"C:\Users\yhh\Documents\Visual Studio 2010\Projects\SRCtrlTerminal\Debug\SRCtrlTerminal.lib" /MACHINE:X86 Debug\SRCtrlTerminal.res
         Debug\SRCtrlTerminal.exe.embed.manifest.res
         Debug\CameraDS.obj
         Debug\mscomm1.obj
         Debug\SRCtrlTerminal.obj
         Debug\SRCtrlTerminalDlg.obj
         Debug\stdafx.obj
       Manifest:
         正在删除文件“Debug\SRCtrlTerminal.exe.embed.manifest”。
         C:\Program Files (x86)\Microsoft SDKs\Windows\v7.0A\bin\mt.exe /nologo /verbose /out:"Debug\SRCtrlTerminal.exe.embed.manifest" /manifest Debug\SRCtrlTerminal.exe.intermediate.manifest "C:\Program Files (x86)\Microsoft Visual Studio 10.0\VC\Include\Manifest\dpiaware.manifest"
         C:\Program Files (x86)\Microsoft SDKs\Windows\v7.0A\bin\rc.exe /nologo /fo"Debug\SRCtrlTerminal.exe.embed.manifest.res" Debug\SRCtrlTerminal_manifest.rc 
       LinkEmbedManifest:
         C:\Program Files (x86)\Microsoft Visual Studio 10.0\VC\bin\link.exe /ERRORREPORT:PROMPT /OUT:"C:\Users\yhh\Documents\Visual Studio 2010\Projects\SRCtrlTerminal\Debug\SRCtrlTerminal.exe" /INCREMENTAL /NOLOGO opencv_ml249d.lib opencv_calib3d249d.lib opencv_contrib249d.lib opencv_core249d.lib opencv_features2d249d.lib opencv_flann249d.lib opencv_gpu249d.lib opencv_highgui249d.lib opencv_imgproc249d.lib opencv_objdetect249.lib opencv_ts249.lib opencv_video249.lib opencv_nonfree249.lib opencv_ocl249.lib opencv_photo249.lib opencv_stitching249.lib opencv_superres249.lib opencv_videostab249.lib opencv_calib3d249.lib opencv_contrib249.lib opencv_core249.lib opencv_features2d249.lib opencv_flann249.lib opencv_gpu249.lib opencv_highgui249.lib opencv_imgproc249.lib opencv_legacy249.lib opencv_ml249.lib /MANIFEST /ManifestFile:"Debug\SRCtrlTerminal.exe.intermediate.manifest" /MANIFESTUAC:"level='asInvoker' uiAccess='false'" /DEBUG /PDB:"C:\Users\yhh\Documents\Visual Studio 2010\Projects\SRCtrlTerminal\Debug\SRCtrlTerminal.pdb" /SUBSYSTEM:WINDOWS /TLBID:1 /ENTRY:"wWinMainCRTStartup" /DYNAMICBASE /NXCOMPAT /IMPLIB:"C:\Users\yhh\Documents\Visual Studio 2010\Projects\SRCtrlTerminal\Debug\SRCtrlTerminal.lib" /MACHINE:X86 Debug\SRCtrlTerminal.res
         Debug\SRCtrlTerminal.exe.embed.manifest.res
         Debug\CameraDS.obj
         Debug\mscomm1.obj
         Debug\SRCtrlTerminal.obj
         Debug\SRCtrlTerminalDlg.obj
         Debug\stdafx.obj
         SRCtrlTerminal.vcxproj -> C:\Users\yhh\Documents\Visual Studio 2010\Projects\SRCtrlTerminal\Debug\SRCtrlTerminal.exe
       FinalizeBuildStatus:
         正在删除文件“Debug\SRCtrlTerminal.unsuccessfulbuild”。
         正在对“Debug\SRCtrlTerminal.lastbuildstate”执行 Touch 任务。
     1>已完成生成项目“C:\Users\yhh\Documents\Visual Studio 2010\Projects\SRCtrlTerminal\SRCtrlTerminal\SRCtrlTerminal.vcxproj”(rebuild 个目标)的操作。

生成成功。

已用时间 00:00:17.04
