C:\USERS\YHH\DOCUMENTS\VISUAL STUDIO 2010\PROJECTS\SRCTRLTERMINAL\DEBUG\SRCTRLTERMINAL.EXE
C:\USERS\YHH\DOCUMENTS\VISUAL STUDIO 2010\PROJECTS\SRCTRLTERMINAL\DEBUG\SRCTRLTERMINAL.ILK
C:\USERS\YHH\DOCUMENTS\VISUAL STUDIO 2010\PROJECTS\SRCTRLTERMINAL\DEBUG\SRCTRLTERMINAL.PDB
C:\USERS\YHH\DOCUMENTS\VISUAL STUDIO 2010\PROJECTS\SRCTRLTERMINAL\SRCTRLTERMINAL\DEBUG\CAMERADS.OBJ
C:\Users\yhh\Documents\Visual Studio 2010\Projects\SRCtrlTerminal\SRCtrlTerminal\Debug\cl.command.1.tlog
C:\Users\yhh\Documents\Visual Studio 2010\Projects\SRCtrlTerminal\SRCtrlTerminal\Debug\CL.read.1.tlog
C:\Users\yhh\Documents\Visual Studio 2010\Projects\SRCtrlTerminal\SRCtrlTerminal\Debug\CL.write.1.tlog
C:\Users\yhh\Documents\Visual Studio 2010\Projects\SRCtrlTerminal\SRCtrlTerminal\Debug\link.18556.read.1.tlog
C:\Users\yhh\Documents\Visual Studio 2010\Projects\SRCtrlTerminal\SRCtrlTerminal\Debug\link.18556.write.1.tlog
C:\Users\yhh\Documents\Visual Studio 2010\Projects\SRCtrlTerminal\SRCtrlTerminal\Debug\link.18556-cvtres.read.1.tlog
C:\Users\yhh\Documents\Visual Studio 2010\Projects\SRCtrlTerminal\SRCtrlTerminal\Debug\link.18556-cvtres.write.1.tlog
C:\Users\yhh\Documents\Visual Studio 2010\Projects\SRCtrlTerminal\SRCtrlTerminal\Debug\link.8944.read.1.tlog
C:\Users\yhh\Documents\Visual Studio 2010\Projects\SRCtrlTerminal\SRCtrlTerminal\Debug\link.8944.write.1.tlog
C:\Users\yhh\Documents\Visual Studio 2010\Projects\SRCtrlTerminal\SRCtrlTerminal\Debug\link.8944-cvtres.read.1.tlog
C:\Users\yhh\Documents\Visual Studio 2010\Projects\SRCtrlTerminal\SRCtrlTerminal\Debug\link.8944-cvtres.write.1.tlog
C:\Users\yhh\Documents\Visual Studio 2010\Projects\SRCtrlTerminal\SRCtrlTerminal\Debug\link.command.1.tlog
C:\Users\yhh\Documents\Visual Studio 2010\Projects\SRCtrlTerminal\SRCtrlTerminal\Debug\link.read.1.tlog
C:\Users\yhh\Documents\Visual Studio 2010\Projects\SRCtrlTerminal\SRCtrlTerminal\Debug\link.write.1.tlog
C:\Users\yhh\Documents\Visual Studio 2010\Projects\SRCtrlTerminal\SRCtrlTerminal\Debug\link-cvtres.read.1.tlog
C:\Users\yhh\Documents\Visual Studio 2010\Projects\SRCtrlTerminal\SRCtrlTerminal\Debug\link-cvtres.write.1.tlog
C:\USERS\YHH\DOCUMENTS\VISUAL STUDIO 2010\PROJECTS\SRCTRLTERMINAL\SRCTRLTERMINAL\DEBUG\MSCOMM1.OBJ
C:\Users\yhh\Documents\Visual Studio 2010\Projects\SRCtrlTerminal\SRCtrlTerminal\Debug\mt.command.1.tlog
C:\Users\yhh\Documents\Visual Studio 2010\Projects\SRCtrlTerminal\SRCtrlTerminal\Debug\mt.read.1.tlog
C:\Users\yhh\Documents\Visual Studio 2010\Projects\SRCtrlTerminal\SRCtrlTerminal\Debug\mt.write.1.tlog
C:\Users\yhh\Documents\Visual Studio 2010\Projects\SRCtrlTerminal\SRCtrlTerminal\Debug\rc.command.1.tlog
C:\Users\yhh\Documents\Visual Studio 2010\Projects\SRCtrlTerminal\SRCtrlTerminal\Debug\rc.read.1.tlog
C:\Users\yhh\Documents\Visual Studio 2010\Projects\SRCtrlTerminal\SRCtrlTerminal\Debug\rc.write.1.tlog
C:\USERS\YHH\DOCUMENTS\VISUAL STUDIO 2010\PROJECTS\SRCTRLTERMINAL\SRCTRLTERMINAL\DEBUG\SRCTRLTERMINAL.EXE.EMBED.MANIFEST
C:\USERS\YHH\DOCUMENTS\VISUAL STUDIO 2010\PROJECTS\SRCTRLTERMINAL\SRCTRLTERMINAL\DEBUG\SRCTRLTERMINAL.EXE.EMBED.MANIFEST.RES
C:\USERS\YHH\DOCUMENTS\VISUAL STUDIO 2010\PROJECTS\SRCTRLTERMINAL\SRCTRLTERMINAL\DEBUG\SRCTRLTERMINAL.EXE.INTERMEDIATE.MANIFEST
C:\USERS\YHH\DOCUMENTS\VISUAL STUDIO 2010\PROJECTS\SRCTRLTERMINAL\SRCTRLTERMINAL\DEBUG\SRCTRLTERMINAL.OBJ
C:\USERS\YHH\DOCUMENTS\VISUAL STUDIO 2010\PROJECTS\SRCTRLTERMINAL\SRCTRLTERMINAL\DEBUG\SRCTRLTERMINAL.PCH
C:\USERS\YHH\DOCUMENTS\VISUAL STUDIO 2010\PROJECTS\SRCTRLTERMINAL\SRCTRLTERMINAL\DEBUG\SRCTRLTERMINAL.RES
C:\Users\yhh\Documents\Visual Studio 2010\Projects\SRCtrlTerminal\SRCtrlTerminal\Debug\SRCtrlTerminal_manifest.rc
C:\USERS\YHH\DOCUMENTS\VISUAL STUDIO 2010\PROJECTS\SRCTRLTERMINAL\SRCTRLTERMINAL\DEBUG\SRCTRLTERMINALDLG.OBJ
C:\USERS\YHH\DOCUMENTS\VISUAL STUDIO 2010\PROJECTS\SRCTRLTERMINAL\SRCTRLTERMINAL\DEBUG\STDAFX.OBJ
C:\Users\yhh\Documents\Visual Studio 2010\Projects\SRCtrlTerminal\SRCtrlTerminal\Debug\vc100.idb
C:\USERS\YHH\DOCUMENTS\VISUAL STUDIO 2010\PROJECTS\SRCTRLTERMINAL\SRCTRLTERMINAL\DEBUG\VC100.PDB
